0 info it worked if it ends with ok
1 verbose cli [ '/usr/local/Cellar/node/5.1.0/bin/node',
1 verbose cli   '/usr/local/bin/npm',
1 verbose cli   'install',
1 verbose cli   '-g',
1 verbose cli   'webpack' ]
2 info using npm@3.3.12
3 info using node@v5.1.0
4 silly loadCurrentTree Starting
5 silly install loadCurrentTree
6 silly install readGlobalPackageData
7 silly fetchPackageMetaData webpack
8 silly fetchOtherPackageData webpack
9 silly cache add args [ 'webpack', null ]
10 verbose cache add spec webpack
11 silly cache add parsed spec Result {
11 silly cache add   raw: 'webpack',
11 silly cache add   scope: null,
11 silly cache add   name: null,
11 silly cache add   rawSpec: 'webpack',
11 silly cache add   spec: '/Users/appacademy/Desktop/Sine/webpack',
11 silly cache add   type: 'local' }
12 silly addLocalTarball shasum (computed) da39a3ee5e6b4b0d3255bfef95601890afd80709
13 verbose addTmpTarball /Users/appacademy/Desktop/Sine/webpack not in flight; adding
14 verbose addTmpTarball validating metadata from /Users/appacademy/Desktop/Sine/webpack
15 verbose tar unpack /Users/appacademy/Desktop/Sine/webpack
16 verbose tar unpacking to /var/folders/5f/r3jlcm815sb7tw7lp72ybp8r0000gn/T/npm-23691-61ec0212/unpack-61ac65a680a409be89e34ab231ba2fe4
17 silly gentlyRm /var/folders/5f/r3jlcm815sb7tw7lp72ybp8r0000gn/T/npm-23691-61ec0212/unpack-61ac65a680a409be89e34ab231ba2fe4 is being purged
18 verbose gentlyRm don't care about contents; nuking /var/folders/5f/r3jlcm815sb7tw7lp72ybp8r0000gn/T/npm-23691-61ec0212/unpack-61ac65a680a409be89e34ab231ba2fe4
19 silly gunzTarPerm modes [ '755', '644' ]
20 error tar.unpack error reading /Users/appacademy/Desktop/Sine/webpack
21 error addLocal Could not install /Users/appacademy/Desktop/Sine/webpack
22 silly fetchPackageMetaData Error: 0-byte tarball
22 silly fetchPackageMetaData Please run `npm cache clean`
22 silly fetchPackageMetaData     at /usr/local/lib/node_modules/npm/lib/utils/tar.js:262:14
22 silly fetchPackageMetaData     at FSReqWrap.oncomplete (fs.js:82:15)
22 silly fetchPackageMetaData  error for webpack [Error: 0-byte tarball
22 silly fetchPackageMetaData Please run `npm cache clean`]
23 silly rollbackFailedOptional Starting
24 silly rollbackFailedOptional Finishing
25 silly runTopLevelLifecycles Starting
26 silly runTopLevelLifecycles Finishing
27 silly install printInstalled
28 verbose stack Error: 0-byte tarball
28 verbose stack Please run `npm cache clean`
28 verbose stack     at /usr/local/lib/node_modules/npm/lib/utils/tar.js:262:14
28 verbose stack     at FSReqWrap.oncomplete (fs.js:82:15)
29 verbose cwd /Users/appacademy/Desktop/Sine
30 error Darwin 15.0.0
31 error argv "/usr/local/Cellar/node/5.1.0/bin/node" "/usr/local/bin/npm" "install" "-g" "webpack"
32 error node v5.1.0
33 error npm  v3.3.12
34 error 0-byte tarball
34 error Please run `npm cache clean`
35 error If you need help, you may report this error at:
35 error     <https://github.com/npm/npm/issues>
36 verbose exit [ 1, true ]
